# JRE version: Java(TM) SE Runtime Environment (17.0.12+8) (build 17.0.12+8-LTS-286)
# Java VM: Java HotSpot(TM) 64-Bit Server VM (17.0.12+8-LTS-286, mixed mode, sharing, tiered, compressed oops, compressed class ptrs, g1 gc, windows-amd64)
GC Precious Log:
 CPUs: 8 total, 8 available
 Memory: 11978M
 Large Page Support: Disabled
 NUMA Support: Disabled
 Compressed Oops: Enabled (32-bit)
 Heap Region Size: 1M
 Heap Min Capacity: 64M
 Heap Initial Capacity: 64M
 Heap Max Capacity: 256M
 Pre-touch: Disabled
 Parallel Workers: 8
 Concurrent Workers: 2
 Concurrent Refinement Workers: 8
 Periodic GC: Disabled
Heap:
 garbage-first heap   total 65536K, used 42765K [0x00000000f0000000, 0x0000000100000000)
  region size 1024K, 27 young (27648K), 1 survivors (1024K)
 Metaspace       used 18891K, committed 19200K, reserved 1114112K
  class space    used 2160K, committed 2304K, reserved 1048576K
GC Heap History (16 events):
Event: 0.589 GC heap before
{Heap before GC invocations=0 (full 0):
 garbage-first heap   total 65536K, used 23552K [0x00000000f0000000, 0x0000000100000000)
  region size 1024K, 23 young (23552K), 0 survivors (0K)
 Metaspace       used 5708K, committed 5888K, reserved 1114112K
  class space    used 684K, committed 768K, reserved 1048576K
}
Event: 0.596 GC heap after
{Heap after GC invocations=1 (full 0):
 garbage-first heap   total 65536K, used 3688K [0x00000000f0000000, 0x0000000100000000)
  region size 1024K, 3 young (3072K), 3 survivors (3072K)
 Metaspace       used 5708K, committed 5888K, reserved 1114112K
  class space    used 684K, committed 768K, reserved 1048576K
}
Event: 0.934 GC heap before
{Heap before GC invocations=1 (full 0):
 garbage-first heap   total 65536K, used 31336K [0x00000000f0000000, 0x0000000100000000)
  region size 1024K, 30 young (30720K), 3 survivors (3072K)
 Metaspace       used 8339K, committed 8448K, reserved 1114112K
  class space    used 993K, committed 1024K, reserved 1048576K
}
Event: 0.939 GC heap after
{Heap after GC invocations=2 (full 0):
 garbage-first heap   total 65536K, used 4667K [0x00000000f0000000, 0x0000000100000000)
  region size 1024K, 1 young (1024K), 1 survivors (1024K)
 Metaspace       used 8339K, committed 8448K, reserved 1114112K
  class space    used 993K, committed 1024K, reserved 1048576K
}
Event: 1.629 GC heap before
{Heap before GC invocations=2 (full 0):
 garbage-first heap   total 65536K, used 42555K [0x00000000f0000000, 0x0000000100000000)
  region size 1024K, 38 young (38912K), 1 survivors (1024K)
 Metaspace       used 14820K, committed 15040K, reserved 1114112K
  class space    used 1811K, committed 1920K, reserved 1048576K
}
Event: 1.639 GC heap after
{Heap after GC invocations=3 (full 0):
 garbage-first heap   total 65536K, used 8293K [0x00000000f0000000, 0x0000000100000000)
  region size 1024K, 5 young (5120K), 5 survivors (5120K)
 Metaspace       used 14820K, committed 15040K, reserved 1114112K
  class space    used 1811K, committed 1920K, reserved 1048576K
}
Event: 2.065 GC heap before
{Heap before GC invocations=3 (full 0):
 garbage-first heap   total 65536K, used 42085K [0x00000000f0000000, 0x0000000100000000)
  region size 1024K, 38 young (38912K), 5 survivors (5120K)
 Metaspace       used 15764K, committed 16000K, reserved 1114112K
  class space    used 1887K, committed 1984K, reserved 1048576K
}
Event: 2.078 GC heap after
{Heap after GC invocations=4 (full 0):
 garbage-first heap   total 65536K, used 12211K [0x00000000f0000000, 0x0000000100000000)
  region size 1024K, 4 young (4096K), 4 survivors (4096K)
 Metaspace       used 15764K, committed 16000K, reserved 1114112K
  class space    used 1887K, committed 1984K, reserved 1048576K
}
Event: 2.405 GC heap before
{Heap before GC invocations=4 (full 0):
 garbage-first heap   total 65536K, used 46003K [0x00000000f0000000, 0x0000000100000000)
  region size 1024K, 37 young (37888K), 4 survivors (4096K)
 Metaspace       used 16132K, committed 16384K, reserved 1114112K
  class space    used 1892K, committed 1984K, reserved 1048576K
}
Event: 2.412 GC heap after
{Heap after GC invocations=5 (full 0):
 garbage-first heap   total 65536K, used 14087K [0x00000000f0000000, 0x0000000100000000)
  region size 1024K, 2 young (2048K), 2 survivors (2048K)
 Metaspace       used 16132K, committed 16384K, reserved 1114112K
  class space    used 1892K, committed 1984K, reserved 1048576K
}
Event: 2.804 GC heap before
{Heap before GC invocations=5 (full 0):
 garbage-first heap   total 65536K, used 47879K [0x00000000f0000000, 0x0000000100000000)
  region size 1024K, 35 young (35840K), 2 survivors (2048K)
 Metaspace       used 17227K, committed 17472K, reserved 1114112K
  class space    used 2005K, committed 2112K, reserved 1048576K
}
Event: 2.810 GC heap after
{Heap after GC invocations=6 (full 0):
 garbage-first heap   total 65536K, used 16181K [0x00000000f0000000, 0x0000000100000000)
  region size 1024K, 4 young (4096K), 4 survivors (4096K)
 Metaspace       used 17227K, committed 17472K, reserved 1114112K
  class space    used 2005K, committed 2112K, reserved 1048576K
}
Event: 2.822 GC heap before
{Heap before GC invocations=6 (full 0):
 garbage-first heap   total 65536K, used 24373K [0x00000000f0000000, 0x0000000100000000)
  region size 1024K, 5 young (5120K), 4 survivors (4096K)
 Metaspace       used 17371K, committed 17600K, reserved 1114112K
  class space    used 2021K, committed 2112K, reserved 1048576K
}
Event: 2.827 GC heap after
{Heap after GC invocations=7 (full 0):
 garbage-first heap   total 65536K, used 24692K [0x00000000f0000000, 0x0000000100000000)
  region size 1024K, 3 young (3072K), 3 survivors (3072K)
 Metaspace       used 17371K, committed 17600K, reserved 1114112K
  class space    used 2021K, committed 2112K, reserved 1048576K
}
Event: 3.029 GC heap before
{Heap before GC invocations=7 (full 0):
 garbage-first heap   total 65536K, used 58484K [0x00000000f0000000, 0x0000000100000000)
  region size 1024K, 14 young (14336K), 3 survivors (3072K)
 Metaspace       used 17838K, committed 18112K, reserved 1114112K
  class space    used 2063K, committed 2176K, reserved 1048576K
}
Event: 3.036 GC heap after
{Heap after GC invocations=8 (full 0):
 garbage-first heap   total 65536K, used 17165K [0x00000000f0000000, 0x0000000100000000)
  region size 1024K, 1 young (1024K), 1 survivors (1024K)
 Metaspace       used 17838K, committed 18112K, reserved 1114112K
  class space    used 2063K, committed 2176K, reserved 1048576K
}

