# JRE version: Java(TM) SE Runtime Environment (17.0.12+8) (build 17.0.12+8-LTS-286)
# Java VM: Java HotSpot(TM) 64-Bit Server VM (17.0.12+8-LTS-286, mixed mode, sharing, tiered, compressed oops, compressed class ptrs, g1 gc, windows-amd64)
GC Precious Log:
 CPUs: 8 total, 8 available
 Memory: 11978M
 Large Page Support: Disabled
 NUMA Support: Disabled
 Compressed Oops: Enabled (32-bit)
 Heap Region Size: 1M
 Heap Min Capacity: 256M
 Heap Initial Capacity: 256M
 Heap Max Capacity: 1G
 Pre-touch: Disabled
 Parallel Workers: 8
 Concurrent Workers: 2
 Concurrent Refinement Workers: 8
 Periodic GC: Disabled
Heap:
 garbage-first heap   total 262144K, used 101731K [0x00000000c0000000, 0x0000000100000000)
  region size 1024K, 45 young (46080K), 3 survivors (3072K)
 Metaspace       used 91755K, committed 92544K, reserved 1179648K
  class space    used 12125K, committed 12480K, reserved 1048576K
GC Heap History (20 events):
Event: 0.612 GC heap before
{Heap before GC invocations=0 (full 0):
 garbage-first heap   total 262144K, used 22528K [0x00000000c0000000, 0x0000000100000000)
  region size 1024K, 23 young (23552K), 0 survivors (0K)
 Metaspace       used 5707K, committed 5888K, reserved 1114112K
  class space    used 683K, committed 768K, reserved 1048576K
}
Event: 0.615 GC heap after
{Heap after GC invocations=1 (full 0):
 garbage-first heap   total 262144K, used 3705K [0x00000000c0000000, 0x0000000100000000)
  region size 1024K, 3 young (3072K), 3 survivors (3072K)
 Metaspace       used 5707K, committed 5888K, reserved 1114112K
  class space    used 683K, committed 768K, reserved 1048576K
}
Event: 0.998 GC heap before
{Heap before GC invocations=1 (full 0):
 garbage-first heap   total 262144K, used 35449K [0x00000000c0000000, 0x0000000100000000)
  region size 1024K, 34 young (34816K), 3 survivors (3072K)
 Metaspace       used 9192K, committed 9408K, reserved 1114112K
  class space    used 1119K, committed 1216K, reserved 1048576K
}
Event: 1.002 GC heap after
{Heap after GC invocations=2 (full 0):
 garbage-first heap   total 262144K, used 5076K [0x00000000c0000000, 0x0000000100000000)
  region size 1024K, 2 young (2048K), 2 survivors (2048K)
 Metaspace       used 9192K, committed 9408K, reserved 1114112K
  class space    used 1119K, committed 1216K, reserved 1048576K
}
Event: 3.374 GC heap before
{Heap before GC invocations=2 (full 0):
 garbage-first heap   total 262144K, used 161748K [0x00000000c0000000, 0x0000000100000000)
  region size 1024K, 153 young (156672K), 2 survivors (2048K)
 Metaspace       used 20182K, committed 20352K, reserved 1114112K
  class space    used 2347K, committed 2432K, reserved 1048576K
}
Event: 3.386 GC heap after
{Heap after GC invocations=3 (full 0):
 garbage-first heap   total 262144K, used 20989K [0x00000000c0000000, 0x0000000100000000)
  region size 1024K, 15 young (15360K), 15 survivors (15360K)
 Metaspace       used 20182K, committed 20352K, reserved 1114112K
  class space    used 2347K, committed 2432K, reserved 1048576K
}
Event: 3.467 GC heap before
{Heap before GC invocations=3 (full 0):
 garbage-first heap   total 262144K, used 28157K [0x00000000c0000000, 0x0000000100000000)
  region size 1024K, 21 young (21504K), 15 survivors (15360K)
 Metaspace       used 21214K, committed 21504K, reserved 1114112K
  class space    used 2507K, committed 2688K, reserved 1048576K
}
Event: 3.477 GC heap after
{Heap after GC invocations=4 (full 0):
 garbage-first heap   total 262144K, used 24140K [0x00000000c0000000, 0x0000000100000000)
  region size 1024K, 4 young (4096K), 4 survivors (4096K)
 Metaspace       used 21214K, committed 21504K, reserved 1114112K
  class space    used 2507K, committed 2688K, reserved 1048576K
}
Event: 5.334 GC heap before
{Heap before GC invocations=5 (full 0):
 garbage-first heap   total 262144K, used 183884K [0x00000000c0000000, 0x0000000100000000)
  region size 1024K, 153 young (156672K), 4 survivors (4096K)
 Metaspace       used 30210K, committed 30528K, reserved 1114112K
  class space    used 3464K, committed 3584K, reserved 1048576K
}
Event: 5.350 GC heap after
{Heap after GC invocations=6 (full 0):
 garbage-first heap   total 262144K, used 50475K [0x00000000c0000000, 0x0000000100000000)
  region size 1024K, 20 young (20480K), 20 survivors (20480K)
 Metaspace       used 30210K, committed 30528K, reserved 1114112K
  class space    used 3464K, committed 3584K, reserved 1048576K
}
Event: 6.588 GC heap before
{Heap before GC invocations=6 (full 0):
 garbage-first heap   total 262144K, used 145707K [0x00000000c0000000, 0x0000000100000000)
  region size 1024K, 113 young (115712K), 20 survivors (20480K)
 Metaspace       used 35828K, committed 36160K, reserved 1114112K
  class space    used 4154K, committed 4288K, reserved 1048576K
}
Event: 6.600 GC heap after
{Heap after GC invocations=7 (full 0):
 garbage-first heap   total 262144K, used 51355K [0x00000000c0000000, 0x0000000100000000)
  region size 1024K, 10 young (10240K), 10 survivors (10240K)
 Metaspace       used 35828K, committed 36160K, reserved 1114112K
  class space    used 4154K, committed 4288K, reserved 1048576K
}
Event: 8.996 GC heap before
{Heap before GC invocations=8 (full 0):
 garbage-first heap   total 262144K, used 185499K [0x00000000c0000000, 0x0000000100000000)
  region size 1024K, 144 young (147456K), 10 survivors (10240K)
 Metaspace       used 57495K, committed 58112K, reserved 1114112K
  class space    used 7106K, committed 7360K, reserved 1048576K
}
Event: 9.006 GC heap after
{Heap after GC invocations=9 (full 0):
 garbage-first heap   total 262144K, used 53679K [0x00000000c0000000, 0x0000000100000000)
  region size 1024K, 15 young (15360K), 15 survivors (15360K)
 Metaspace       used 57495K, committed 58112K, reserved 1114112K
  class space    used 7106K, committed 7360K, reserved 1048576K
}
Event: 9.359 GC heap before
{Heap before GC invocations=9 (full 0):
 garbage-first heap   total 262144K, used 68015K [0x00000000c0000000, 0x0000000100000000)
  region size 1024K, 30 young (30720K), 15 survivors (15360K)
 Metaspace       used 59997K, committed 60480K, reserved 1114112K
  class space    used 7472K, committed 7680K, reserved 1048576K
}
Event: 9.368 GC heap after
{Heap after GC invocations=10 (full 0):
 garbage-first heap   total 262144K, used 56013K [0x00000000c0000000, 0x0000000100000000)
  region size 1024K, 11 young (11264K), 11 survivors (11264K)
 Metaspace       used 59997K, committed 60480K, reserved 1114112K
  class space    used 7472K, committed 7680K, reserved 1048576K
}
Event: 11.889 GC heap before
{Heap before GC invocations=11 (full 0):
 garbage-first heap   total 262144K, used 195277K [0x00000000c0000000, 0x0000000100000000)
  region size 1024K, 150 young (153600K), 11 survivors (11264K)
 Metaspace       used 86107K, committed 86784K, reserved 1179648K
  class space    used 11346K, committed 11648K, reserved 1048576K
}
Event: 11.901 GC heap after
{Heap after GC invocations=12 (full 0):
 garbage-first heap   total 262144K, used 58960K [0x00000000c0000000, 0x0000000100000000)
  region size 1024K, 17 young (17408K), 17 survivors (17408K)
 Metaspace       used 86107K, committed 86784K, reserved 1179648K
  class space    used 11346K, committed 11648K, reserved 1048576K
}
Event: 11.923 GC heap before
{Heap before GC invocations=12 (full 0):
 garbage-first heap   total 262144K, used 59984K [0x00000000c0000000, 0x0000000100000000)
  region size 1024K, 18 young (18432K), 17 survivors (17408K)
 Metaspace       used 86237K, committed 86976K, reserved 1179648K
  class space    used 11371K, committed 11712K, reserved 1048576K
}
Event: 11.935 GC heap after
{Heap after GC invocations=13 (full 0):
 garbage-first heap   total 262144K, used 59747K [0x00000000c0000000, 0x0000000100000000)
  region size 1024K, 3 young (3072K), 3 survivors (3072K)
 Metaspace       used 86237K, committed 86976K, reserved 1179648K
  class space    used 11371K, committed 11712K, reserved 1048576K
}

