# JRE version: Java(TM) SE Runtime Environment (17.0.12+8) (build 17.0.12+8-LTS-286)
# Java VM: Java HotSpot(TM) 64-Bit Server VM (17.0.12+8-LTS-286, mixed mode, sharing, tiered, compressed oops, compressed class ptrs, g1 gc, windows-amd64)
GC Precious Log:
 CPUs: 8 total, 8 available
 Memory: 11978M
 Large Page Support: Disabled
 NUMA Support: Disabled
 Compressed Oops: Enabled (32-bit)
 Heap Region Size: 1M
 Heap Min Capacity: 32M
 Heap Initial Capacity: 32M
 Heap Max Capacity: 128M
 Pre-touch: Disabled
 Parallel Workers: 8
 Concurrent Workers: 2
 Concurrent Refinement Workers: 8
 Periodic GC: Disabled
Heap:
 garbage-first heap   total 86016K, used 57897K [0x00000000f8000000, 0x0000000100000000)
  region size 1024K, 43 young (44032K), 2 survivors (2048K)
 Metaspace       used 21285K, committed 21632K, reserved 1114112K
  class space    used 2425K, committed 2624K, reserved 1048576K
GC Heap History (20 events):
Event: 1.956 GC heap before
{Heap before GC invocations=7 (full 0):
 garbage-first heap   total 32768K, used 23268K [0x00000000f8000000, 0x0000000100000000)
  region size 1024K, 15 young (15360K), 2 survivors (2048K)
 Metaspace       used 15232K, committed 15424K, reserved 1114112K
  class space    used 1836K, committed 1920K, reserved 1048576K
}
Event: 1.962 GC heap after
{Heap after GC invocations=8 (full 0):
 garbage-first heap   total 32768K, used 11758K [0x00000000f8000000, 0x0000000100000000)
  region size 1024K, 2 young (2048K), 2 survivors (2048K)
 Metaspace       used 15232K, committed 15424K, reserved 1114112K
  class space    used 1836K, committed 1920K, reserved 1048576K
}
Event: 2.107 GC heap before
{Heap before GC invocations=8 (full 0):
 garbage-first heap   total 32768K, used 23022K [0x00000000f8000000, 0x0000000100000000)
  region size 1024K, 13 young (13312K), 2 survivors (2048K)
 Metaspace       used 15483K, committed 15680K, reserved 1114112K
  class space    used 1859K, committed 1920K, reserved 1048576K
}
Event: 2.111 GC heap after
{Heap after GC invocations=9 (full 0):
 garbage-first heap   total 32768K, used 12839K [0x00000000f8000000, 0x0000000100000000)
  region size 1024K, 2 young (2048K), 2 survivors (2048K)
 Metaspace       used 15483K, committed 15680K, reserved 1114112K
  class space    used 1859K, committed 1920K, reserved 1048576K
}
Event: 2.206 GC heap before
{Heap before GC invocations=9 (full 0):
 garbage-first heap   total 32768K, used 23079K [0x00000000f8000000, 0x0000000100000000)
  region size 1024K, 12 young (12288K), 2 survivors (2048K)
 Metaspace       used 15557K, committed 15744K, reserved 1114112K
  class space    used 1860K, committed 1920K, reserved 1048576K
}
Event: 2.209 GC heap after
{Heap after GC invocations=10 (full 0):
 garbage-first heap   total 32768K, used 13693K [0x00000000f8000000, 0x0000000100000000)
  region size 1024K, 1 young (1024K), 1 survivors (1024K)
 Metaspace       used 15557K, committed 15744K, reserved 1114112K
  class space    used 1860K, committed 1920K, reserved 1048576K
}
Event: 2.318 GC heap before
{Heap before GC invocations=10 (full 0):
 garbage-first heap   total 32768K, used 22909K [0x00000000f8000000, 0x0000000100000000)
  region size 1024K, 11 young (11264K), 1 survivors (1024K)
 Metaspace       used 15608K, committed 15808K, reserved 1114112K
  class space    used 1861K, committed 1920K, reserved 1048576K
}
Event: 2.320 GC heap after
{Heap after GC invocations=11 (full 0):
 garbage-first heap   total 32768K, used 14185K [0x00000000f8000000, 0x0000000100000000)
  region size 1024K, 2 young (2048K), 2 survivors (2048K)
 Metaspace       used 15608K, committed 15808K, reserved 1114112K
  class space    used 1861K, committed 1920K, reserved 1048576K
}
Event: 2.438 GC heap before
{Heap before GC invocations=11 (full 0):
 garbage-first heap   total 32768K, used 23401K [0x00000000f8000000, 0x0000000100000000)
  region size 1024K, 12 young (12288K), 2 survivors (2048K)
 Metaspace       used 15812K, committed 16000K, reserved 1114112K
  class space    used 1864K, committed 1920K, reserved 1048576K
}
Event: 2.440 GC heap after
{Heap after GC invocations=12 (full 0):
 garbage-first heap   total 32768K, used 14372K [0x00000000f8000000, 0x0000000100000000)
  region size 1024K, 1 young (1024K), 1 survivors (1024K)
 Metaspace       used 15812K, committed 16000K, reserved 1114112K
  class space    used 1864K, committed 1920K, reserved 1048576K
}
Event: 2.535 GC heap before
{Heap before GC invocations=12 (full 0):
 garbage-first heap   total 32768K, used 24612K [0x00000000f8000000, 0x0000000100000000)
  region size 1024K, 11 young (11264K), 1 survivors (1024K)
 Metaspace       used 15931K, committed 16128K, reserved 1114112K
  class space    used 1865K, committed 1920K, reserved 1048576K
}
Event: 2.539 GC heap after
{Heap after GC invocations=13 (full 0):
 garbage-first heap   total 32768K, used 15511K [0x00000000f8000000, 0x0000000100000000)
  region size 1024K, 2 young (2048K), 2 survivors (2048K)
 Metaspace       used 15931K, committed 16128K, reserved 1114112K
  class space    used 1865K, committed 1920K, reserved 1048576K
}
Event: 2.630 GC heap before
{Heap before GC invocations=13 (full 0):
 garbage-first heap   total 32768K, used 24727K [0x00000000f8000000, 0x0000000100000000)
  region size 1024K, 11 young (11264K), 2 survivors (2048K)
 Metaspace       used 16113K, committed 16320K, reserved 1114112K
  class space    used 1877K, committed 1984K, reserved 1048576K
}
Event: 2.633 GC heap after
{Heap after GC invocations=14 (full 0):
 garbage-first heap   total 32768K, used 15689K [0x00000000f8000000, 0x0000000100000000)
  region size 1024K, 1 young (1024K), 1 survivors (1024K)
 Metaspace       used 16113K, committed 16320K, reserved 1114112K
  class space    used 1877K, committed 1984K, reserved 1048576K
}
Event: 2.805 GC heap before
{Heap before GC invocations=14 (full 0):
 garbage-first heap   total 32768K, used 24905K [0x00000000f8000000, 0x0000000100000000)
  region size 1024K, 10 young (10240K), 1 survivors (1024K)
 Metaspace       used 16213K, committed 16384K, reserved 1114112K
  class space    used 1882K, committed 1984K, reserved 1048576K
}
Event: 2.807 GC heap after
{Heap after GC invocations=15 (full 0):
 garbage-first heap   total 32768K, used 15878K [0x00000000f8000000, 0x0000000100000000)
  region size 1024K, 1 young (1024K), 1 survivors (1024K)
 Metaspace       used 16213K, committed 16384K, reserved 1114112K
  class space    used 1882K, committed 1984K, reserved 1048576K
}
Event: 2.969 GC heap before
{Heap before GC invocations=16 (full 0):
 garbage-first heap   total 32768K, used 19974K [0x00000000f8000000, 0x0000000100000000)
  region size 1024K, 7 young (7168K), 1 survivors (1024K)
 Metaspace       used 17038K, committed 17280K, reserved 1114112K
  class space    used 1992K, committed 2112K, reserved 1048576K
}
Event: 2.973 GC heap after
{Heap after GC invocations=17 (full 0):
 garbage-first heap   total 32768K, used 16623K [0x00000000f8000000, 0x0000000100000000)
  region size 1024K, 2 young (2048K), 2 survivors (2048K)
 Metaspace       used 17038K, committed 17280K, reserved 1114112K
  class space    used 1992K, committed 2112K, reserved 1048576K
}
Event: 3.107 GC heap before
{Heap before GC invocations=18 (full 0):
 garbage-first heap   total 86016K, used 57583K [0x00000000f8000000, 0x0000000100000000)
  region size 1024K, 10 young (10240K), 2 survivors (2048K)
 Metaspace       used 17206K, committed 17408K, reserved 1114112K
  class space    used 2004K, committed 2112K, reserved 1048576K
}
Event: 3.110 GC heap after
{Heap after GC invocations=19 (full 0):
 garbage-first heap   total 86016K, used 16937K [0x00000000f8000000, 0x0000000100000000)
  region size 1024K, 2 young (2048K), 2 survivors (2048K)
 Metaspace       used 17206K, committed 17408K, reserved 1114112K
  class space    used 2004K, committed 2112K, reserved 1048576K
}

