# JRE version: Java(TM) SE Runtime Environment (17.0.12+8) (build 17.0.12+8-LTS-286)
# Java VM: Java HotSpot(TM) 64-Bit Server VM (17.0.12+8-LTS-286, mixed mode, sharing, tiered, compressed oops, compressed class ptrs, g1 gc, windows-amd64)
GC Precious Log:
 CPUs: 8 total, 8 available
 Memory: 11978M
 Large Page Support: Disabled
 NUMA Support: Disabled
 Compressed Oops: Enabled (32-bit)
 Heap Region Size: 1M
 Heap Min Capacity: 32M
 Heap Initial Capacity: 32M
 Heap Max Capacity: 128M
 Pre-touch: Disabled
 Parallel Workers: 8
 Concurrent Workers: 2
 Concurrent Refinement Workers: 8
 Periodic GC: Disabled
Heap:
 garbage-first heap   total 102400K, used 57344K [0x00000000f8000000, 0x0000000100000000)
  region size 1024K, 5 young (5120K), 3 survivors (3072K)
 Metaspace       used 30329K, committed 30720K, reserved 1114112K
  class space    used 3471K, committed 3648K, reserved 1048576K
GC Heap History (20 events):
Event: 4.326 GC heap after
{Heap after GC invocations=35 (full 0):
 garbage-first heap   total 81920K, used 43795K [0x00000000f8000000, 0x0000000100000000)
  region size 1024K, 1 young (1024K), 1 survivors (1024K)
 Metaspace       used 27579K, committed 27904K, reserved 1114112K
  class space    used 3201K, committed 3392K, reserved 1048576K
}
Event: 4.355 GC heap before
{Heap before GC invocations=35 (full 0):
 garbage-first heap   total 81920K, used 45843K [0x00000000f8000000, 0x0000000100000000)
  region size 1024K, 4 young (4096K), 1 survivors (1024K)
 Metaspace       used 27769K, committed 28096K, reserved 1114112K
  class space    used 3218K, committed 3392K, reserved 1048576K
}
Event: 4.356 GC heap after
{Heap after GC invocations=36 (full 0):
 garbage-first heap   total 81920K, used 42893K [0x00000000f8000000, 0x0000000100000000)
  region size 1024K, 1 young (1024K), 1 survivors (1024K)
 Metaspace       used 27769K, committed 28096K, reserved 1114112K
  class space    used 3218K, committed 3392K, reserved 1048576K
}
Event: 4.577 GC heap before
{Heap before GC invocations=36 (full 0):
 garbage-first heap   total 81920K, used 60301K [0x00000000f8000000, 0x0000000100000000)
  region size 1024K, 18 young (18432K), 1 survivors (1024K)
 Metaspace       used 28701K, committed 29056K, reserved 1114112K
  class space    used 3329K, committed 3520K, reserved 1048576K
}
Event: 4.579 GC heap after
{Heap after GC invocations=37 (full 0):
 garbage-first heap   total 81920K, used 43279K [0x00000000f8000000, 0x0000000100000000)
  region size 1024K, 1 young (1024K), 1 survivors (1024K)
 Metaspace       used 28701K, committed 29056K, reserved 1114112K
  class space    used 3329K, committed 3520K, reserved 1048576K
}
Event: 4.754 GC heap before
{Heap before GC invocations=38 (full 0):
 garbage-first heap   total 81920K, used 62735K [0x00000000f8000000, 0x0000000100000000)
  region size 1024K, 20 young (20480K), 1 survivors (1024K)
 Metaspace       used 29026K, committed 29376K, reserved 1114112K
  class space    used 3336K, committed 3520K, reserved 1048576K
}
Event: 4.756 GC heap after
{Heap after GC invocations=39 (full 0):
 garbage-first heap   total 81920K, used 43609K [0x00000000f8000000, 0x0000000100000000)
  region size 1024K, 1 young (1024K), 1 survivors (1024K)
 Metaspace       used 29026K, committed 29376K, reserved 1114112K
  class space    used 3336K, committed 3520K, reserved 1048576K
}
Event: 4.817 GC heap before
{Heap before GC invocations=39 (full 0):
 garbage-first heap   total 81920K, used 45657K [0x00000000f8000000, 0x0000000100000000)
  region size 1024K, 4 young (4096K), 1 survivors (1024K)
 Metaspace       used 29485K, committed 29824K, reserved 1114112K
  class space    used 3395K, committed 3584K, reserved 1048576K
}
Event: 4.820 GC heap after
{Heap after GC invocations=40 (full 0):
 garbage-first heap   total 81920K, used 43269K [0x00000000f8000000, 0x0000000100000000)
  region size 1024K, 1 young (1024K), 1 survivors (1024K)
 Metaspace       used 29485K, committed 29824K, reserved 1114112K
  class space    used 3395K, committed 3584K, reserved 1048576K
}
Event: 5.121 GC heap before
{Heap before GC invocations=40 (full 0):
 garbage-first heap   total 81920K, used 67845K [0x00000000f8000000, 0x0000000100000000)
  region size 1024K, 22 young (22528K), 1 survivors (1024K)
 Metaspace       used 30155K, committed 30592K, reserved 1114112K
  class space    used 3464K, committed 3648K, reserved 1048576K
}
Event: 5.130 GC heap after
{Heap after GC invocations=41 (full 0):
 garbage-first heap   total 81920K, used 52655K [0x00000000f8000000, 0x0000000100000000)
  region size 1024K, 3 young (3072K), 3 survivors (3072K)
 Metaspace       used 30155K, committed 30592K, reserved 1114112K
  class space    used 3464K, committed 3648K, reserved 1048576K
}
Event: 5.201 GC heap before
{Heap before GC invocations=41 (full 0):
 garbage-first heap   total 81920K, used 58799K [0x00000000f8000000, 0x0000000100000000)
  region size 1024K, 11 young (11264K), 3 survivors (3072K)
 Metaspace       used 30202K, committed 30592K, reserved 1114112K
  class space    used 3465K, committed 3648K, reserved 1048576K
}
Event: 5.205 GC heap after
{Heap after GC invocations=42 (full 0):
 garbage-first heap   total 81920K, used 56902K [0x00000000f8000000, 0x0000000100000000)
  region size 1024K, 2 young (2048K), 2 survivors (2048K)
 Metaspace       used 30202K, committed 30592K, reserved 1114112K
  class space    used 3465K, committed 3648K, reserved 1048576K
}
Event: 5.263 GC heap before
{Heap before GC invocations=43 (full 0):
 garbage-first heap   total 102400K, used 64070K [0x00000000f8000000, 0x0000000100000000)
  region size 1024K, 9 young (9216K), 2 survivors (2048K)
 Metaspace       used 30208K, committed 30592K, reserved 1114112K
  class space    used 3465K, committed 3648K, reserved 1048576K
}
Event: 5.272 GC heap after
{Heap after GC invocations=44 (full 0):
 garbage-first heap   total 102400K, used 59736K [0x00000000f8000000, 0x0000000100000000)
  region size 1024K, 2 young (2048K), 2 survivors (2048K)
 Metaspace       used 30208K, committed 30592K, reserved 1114112K
  class space    used 3465K, committed 3648K, reserved 1048576K
}
Event: 5.293 GC heap before
{Heap before GC invocations=44 (full 0):
 garbage-first heap   total 102400K, used 61784K [0x00000000f8000000, 0x0000000100000000)
  region size 1024K, 5 young (5120K), 2 survivors (2048K)
 Metaspace       used 30208K, committed 30592K, reserved 1114112K
  class space    used 3465K, committed 3648K, reserved 1048576K
}
Event: 5.301 GC heap after
{Heap after GC invocations=45 (full 0):
 garbage-first heap   total 102400K, used 49836K [0x00000000f8000000, 0x0000000100000000)
  region size 1024K, 1 young (1024K), 1 survivors (1024K)
 Metaspace       used 30208K, committed 30592K, reserved 1114112K
  class space    used 3465K, committed 3648K, reserved 1048576K
}
Event: 5.326 GC heap before
{Heap before GC invocations=45 (full 0):
 garbage-first heap   total 102400K, used 52908K [0x00000000f8000000, 0x0000000100000000)
  region size 1024K, 5 young (5120K), 1 survivors (1024K)
 Metaspace       used 30209K, committed 30592K, reserved 1114112K
  class space    used 3465K, committed 3648K, reserved 1048576K
}
Event: 5.330 GC heap after
{Heap after GC invocations=46 (full 0):
 garbage-first heap   total 102400K, used 50828K [0x00000000f8000000, 0x0000000100000000)
  region size 1024K, 1 young (1024K), 1 survivors (1024K)
 Metaspace       used 30209K, committed 30592K, reserved 1114112K
  class space    used 3465K, committed 3648K, reserved 1048576K
}
Event: 5.470 GC heap before
{Heap before GC invocations=46 (full 0):
 garbage-first heap   total 102400K, used 67212K [0x00000000f8000000, 0x0000000100000000)
  region size 1024K, 17 young (17408K), 1 survivors (1024K)
 Metaspace       used 30248K, committed 30592K, reserved 1114112K
  class space    used 3466K, committed 3648K, reserved 1048576K
}

