# JRE version: Java(TM) SE Runtime Environment (17.0.12+8) (build 17.0.12+8-LTS-286)
# Java VM: Java HotSpot(TM) 64-Bit Server VM (17.0.12+8-LTS-286, mixed mode, sharing, tiered, compressed oops, compressed class ptrs, g1 gc, windows-amd64)
GC Precious Log:
 CPUs: 8 total, 8 available
 Memory: 11978M
 Large Page Support: Disabled
 NUMA Support: Disabled
 Compressed Oops: Enabled (32-bit)
 Heap Region Size: 1M
 Heap Min Capacity: 64M
 Heap Initial Capacity: 64M
 Heap Max Capacity: 256M
 Pre-touch: Disabled
 Parallel Workers: 8
 Concurrent Workers: 2
 Concurrent Refinement Workers: 8
 Periodic GC: Disabled
Heap:
 garbage-first heap   total 106496K, used 55232K [0x00000000f0000000, 0x0000000100000000)
  region size 1024K, 1 young (1024K), 1 survivors (1024K)
 Metaspace       used 37382K, committed 37696K, reserved 1114112K
  class space    used 4319K, committed 4416K, reserved 1048576K
GC Heap History (20 events):
Event: 5.186 GC heap after
{Heap after GC invocations=18 (full 0):
 garbage-first heap   total 78848K, used 45655K [0x00000000f0000000, 0x0000000100000000)
  region size 1024K, 2 young (2048K), 2 survivors (2048K)
 Metaspace       used 35326K, committed 35648K, reserved 1114112K
  class space    used 4121K, committed 4224K, reserved 1048576K
}
Event: 5.362 GC heap before
{Heap before GC invocations=19 (full 0):
 garbage-first heap   total 86016K, used 59991K [0x00000000f0000000, 0x0000000100000000)
  region size 1024K, 17 young (17408K), 2 survivors (2048K)
 Metaspace       used 36123K, committed 36416K, reserved 1114112K
  class space    used 4218K, committed 4352K, reserved 1048576K
}
Event: 5.365 GC heap after
{Heap after GC invocations=20 (full 0):
 garbage-first heap   total 86016K, used 45892K [0x00000000f0000000, 0x0000000100000000)
  region size 1024K, 2 young (2048K), 2 survivors (2048K)
 Metaspace       used 36123K, committed 36416K, reserved 1114112K
  class space    used 4218K, committed 4352K, reserved 1048576K
}
Event: 5.545 GC heap before
{Heap before GC invocations=20 (full 0):
 garbage-first heap   total 86016K, used 66372K [0x00000000f0000000, 0x0000000100000000)
  region size 1024K, 22 young (22528K), 2 survivors (2048K)
 Metaspace       used 36561K, committed 36864K, reserved 1114112K
  class space    used 4239K, committed 4352K, reserved 1048576K
}
Event: 5.549 GC heap after
{Heap after GC invocations=21 (full 0):
 garbage-first heap   total 86016K, used 46444K [0x00000000f0000000, 0x0000000100000000)
  region size 1024K, 2 young (2048K), 2 survivors (2048K)
 Metaspace       used 36561K, committed 36864K, reserved 1114112K
  class space    used 4239K, committed 4352K, reserved 1048576K
}
Event: 5.882 GC heap before
{Heap before GC invocations=22 (full 0):
 garbage-first heap   total 86016K, used 64876K [0x00000000f0000000, 0x0000000100000000)
  region size 1024K, 21 young (21504K), 2 survivors (2048K)
 Metaspace       used 37720K, committed 38016K, reserved 1114112K
  class space    used 4368K, committed 4480K, reserved 1048576K
}
Event: 5.890 GC heap after
{Heap after GC invocations=23 (full 0):
 garbage-first heap   total 86016K, used 46300K [0x00000000f0000000, 0x0000000100000000)
  region size 1024K, 2 young (2048K), 2 survivors (2048K)
 Metaspace       used 37720K, committed 38016K, reserved 1114112K
  class space    used 4368K, committed 4480K, reserved 1048576K
}
Event: 6.026 GC heap before
{Heap before GC invocations=24 (full 0):
 garbage-first heap   total 91136K, used 73948K [0x00000000f0000000, 0x0000000100000000)
  region size 1024K, 24 young (24576K), 2 survivors (2048K)
 Metaspace       used 37778K, committed 38016K, reserved 1114112K
  class space    used 4369K, committed 4480K, reserved 1048576K
}
Event: 6.042 GC heap after
{Heap after GC invocations=25 (full 0):
 garbage-first heap   total 91136K, used 64396K [0x00000000f0000000, 0x0000000100000000)
  region size 1024K, 3 young (3072K), 3 survivors (3072K)
 Metaspace       used 37778K, committed 38016K, reserved 1114112K
  class space    used 4369K, committed 4480K, reserved 1048576K
}
Event: 6.043 GC heap before
{Heap before GC invocations=25 (full 0):
 garbage-first heap   total 91136K, used 65420K [0x00000000f0000000, 0x0000000100000000)
  region size 1024K, 4 young (4096K), 3 survivors (3072K)
 Metaspace       used 37778K, committed 38016K, reserved 1114112K
  class space    used 4369K, committed 4480K, reserved 1048576K
}
Event: 6.048 GC heap after
{Heap after GC invocations=26 (full 0):
 garbage-first heap   total 91136K, used 57112K [0x00000000f0000000, 0x0000000100000000)
  region size 1024K, 1 young (1024K), 1 survivors (1024K)
 Metaspace       used 37778K, committed 38016K, reserved 1114112K
  class space    used 4369K, committed 4480K, reserved 1048576K
}
Event: 6.073 GC heap before
{Heap before GC invocations=26 (full 0):
 garbage-first heap   total 91136K, used 60184K [0x00000000f0000000, 0x0000000100000000)
  region size 1024K, 4 young (4096K), 1 survivors (1024K)
 Metaspace       used 37781K, committed 38080K, reserved 1114112K
  class space    used 4369K, committed 4480K, reserved 1048576K
}
Event: 6.078 GC heap after
{Heap after GC invocations=27 (full 0):
 garbage-first heap   total 91136K, used 56320K [0x00000000f0000000, 0x0000000100000000)
  region size 1024K, 1 young (1024K), 1 survivors (1024K)
 Metaspace       used 37781K, committed 38080K, reserved 1114112K
  class space    used 4369K, committed 4480K, reserved 1048576K
}
Event: 6.187 GC heap before
{Heap before GC invocations=27 (full 0):
 garbage-first heap   total 91136K, used 70656K [0x00000000f0000000, 0x0000000100000000)
  region size 1024K, 15 young (15360K), 1 survivors (1024K)
 Metaspace       used 37795K, committed 38144K, reserved 1114112K
  class space    used 4369K, committed 4480K, reserved 1048576K
}
Event: 6.192 GC heap after
{Heap after GC invocations=28 (full 0):
 garbage-first heap   total 91136K, used 61899K [0x00000000f0000000, 0x0000000100000000)
  region size 1024K, 2 young (2048K), 2 survivors (2048K)
 Metaspace       used 37795K, committed 38144K, reserved 1114112K
  class space    used 4369K, committed 4480K, reserved 1048576K
}
Event: 6.352 GC heap before
{Heap before GC invocations=29 (full 0):
 garbage-first heap   total 106496K, used 69067K [0x00000000f0000000, 0x0000000100000000)
  region size 1024K, 12 young (12288K), 2 survivors (2048K)
 Metaspace       used 36308K, committed 36992K, reserved 1114112K
  class space    used 4181K, committed 4416K, reserved 1048576K
}
Event: 6.359 GC heap after
{Heap after GC invocations=30 (full 0):
 garbage-first heap   total 106496K, used 60305K [0x00000000f0000000, 0x0000000100000000)
  region size 1024K, 2 young (2048K), 2 survivors (2048K)
 Metaspace       used 36308K, committed 36992K, reserved 1114112K
  class space    used 4181K, committed 4416K, reserved 1048576K
}
Event: 6.392 GC heap before
{Heap before GC invocations=30 (full 0):
 garbage-first heap   total 106496K, used 62353K [0x00000000f0000000, 0x0000000100000000)
  region size 1024K, 5 young (5120K), 2 survivors (2048K)
 Metaspace       used 36519K, committed 36992K, reserved 1114112K
  class space    used 4192K, committed 4416K, reserved 1048576K
}
Event: 6.398 GC heap after
{Heap after GC invocations=31 (full 0):
 garbage-first heap   total 106496K, used 55186K [0x00000000f0000000, 0x0000000100000000)
  region size 1024K, 1 young (1024K), 1 survivors (1024K)
 Metaspace       used 36519K, committed 36992K, reserved 1114112K
  class space    used 4192K, committed 4416K, reserved 1048576K
}
Event: 6.628 GC heap before
{Heap before GC invocations=31 (full 0):
 garbage-first heap   total 106496K, used 75666K [0x00000000f0000000, 0x0000000100000000)
  region size 1024K, 22 young (22528K), 1 survivors (1024K)
 Metaspace       used 37382K, committed 37696K, reserved 1114112K
  class space    used 4319K, committed 4416K, reserved 1048576K
}

